Retrieving project…
Deploying rajeevgills-projects/rajeevg-com
Inspect: https://vercel.com/rajeevgills-projects/rajeevg-com/4Pc85REgB8R2Zj3kw6GyD1aLLCte [2s]
Production: https://rajeevg-43566ue04-rajeevgills-projects.vercel.app [2s]
https://rajeevg-43566ue04-rajeevgills-projects.vercel.appBuilding...
Building: Running build in Washington, D.C., USA (East) – iad1
Building: Build machine configuration: 2 cores, 8 GB
Building: Retrieving list of deployment files...
Building: Downloading 291 deployment files...
Building: Downloading 291 deployment files...
Building: Restored build cache from previous deployment (5ZXDqis7N3p2jJa8Z53mCr7vw4w9)
Building: Running "vercel build"
Building: Vercel CLI 50.38.1
Building: Detected `pnpm-lock.yaml` 9 which may be generated by pnpm@9.x or pnpm@10.x
Building: Using pnpm@10.x based on project creation date
Building: To use pnpm@9.x, manually opt in using corepack (https://vercel.com/docs/deployments/configure-a-build#corepack)
Building: Installing dependencies...
Building: Lockfile is up to date, resolution step is skipped
Building: Already up to date
Building: ╭ Warning ─────────────────────────────────────────────────────────────────────╮
Building: │                                                                              │
Building: │   Ignored build scripts: @clerk/shared@4.3.2, es5-ext@0.10.64,               │
Building: │   esbuild@0.25.12, protobufjs@7.5.4, sharp@0.34.5, unrs-resolver@1.11.1.     │
Building: │   Run "pnpm approve-builds" to pick which dependencies should be allowed     │
Building: │   to run scripts.                                                            │
Building: │                                                                              │
Building: ╰──────────────────────────────────────────────────────────────────────────────╯
Building: Done in 1.5s using pnpm v10.28.0
Building: Detected Next.js version: 15.4.10
Building: Running "pnpm run build"
Building: > web@0.1.0 build /vercel/path0
Building: > velite --clean && next build
Building: [VELITE] building...
Building: [VELITE] build finished in 3967.05ms
Building: ▲ Next.js 15.4.10
Building: Creating an optimized production build ...
Building: ⚠ Compiled with warnings in 40.0s
Building: ./node_modules/.pnpm/mermaid-isomorphic@3.1.0_playwright@1.58.2/node_modules/mermaid-isomorphic/dist/mermaid-isomorphic.js
Building: Critical dependency: Accessing import.meta directly is unsupported (only property access or destructuring is supported)
Building: Import trace for requested module:
Building: ./node_modules/.pnpm/mermaid-isomorphic@3.1.0_playwright@1.58.2/node_modules/mermaid-isomorphic/dist/mermaid-isomorphic.js
Building: ./node_modules/.pnpm/rehype-mermaid@3.0.0_playwright@1.58.2/node_modules/rehype-mermaid/dist/rehype-mermaid.js
Building: ./src/lib/mdx-pipeline.ts
Building: ./src/lib/content-ops/preview.ts
Building: ./src/app/api/content-ops/preview/route.ts
Building: ./node_modules/.pnpm/mermaid-isomorphic@3.1.0_playwright@1.58.2/node_modules/mermaid-isomorphic/dist/mermaid-isomorphic.js
Building: Critical dependency: Accessing import.meta directly is unsupported (only property access or destructuring is supported)
Building: Import trace for requested module:
Building: ./node_modules/.pnpm/mermaid-isomorphic@3.1.0_playwright@1.58.2/node_modules/mermaid-isomorphic/dist/mermaid-isomorphic.js
Building: ./node_modules/.pnpm/rehype-mermaid@3.0.0_playwright@1.58.2/node_modules/rehype-mermaid/dist/rehype-mermaid.js
Building: ./src/lib/mdx-pipeline.ts
Building: ./src/lib/content-ops/preview.ts
Building: ./src/app/api/content-ops/preview/route.ts
Building: <w> [webpack.cache.PackFileCacheStrategy] Serializing big strings (194kiB) impacts deserialization performance (consider using Buffer instead and decode when needed)
Building: ✓ Compiled successfully in 60s
Building: Linting and checking validity of types ...
Building: Collecting page data ...
Building: Generating static pages (0/36) ...
Building: Generating static pages (9/36)
Building: Generating static pages (18/36)
Building: Generating static pages (27/36)
Building: ✓ Generating static pages (36/36)
Building: Finalizing page optimization ...
Building: Collecting build traces ...
Building: Route (app)                                                                               Size  First Load JS
Building: ┌ ƒ /                                                                                    166 B         105 kB
Building: ├ ○ /_not-found                                                                          164 B         101 kB
Building: ├ ○ /about                                                                               178 B         110 kB
Building: ├ ○ /ai                                                                                  189 B         105 kB
Building: ├ ○ /analytics                                                                           189 B         105 kB
Building: ├ ƒ /api/content-ops/assist                                                              164 B         101 kB
Building: ├ ƒ /api/content-ops/editor                                                              164 B         101 kB
Building: ├ ƒ /api/content-ops/preview                                                             164 B         101 kB
Building: ├ ƒ /api/content-ops/publish                                                             164 B         101 kB
Building: ├ ƒ /api/content-ops/research                                                            164 B         101 kB
Building: ├ ƒ /api/content-ops/upload                                                              164 B         101 kB
Building: ├ ƒ /api/content-ops/workflow                                                            164 B         101 kB
Building: ├ ƒ /blog                                                                              9.16 kB         145 kB
Building: ├ ● /blog/[slug]                                                                       4.09 kB         151 kB
Building: ├   ├ /blog/when-not-to-use-server-side-tagging
Building: ├   ├ /blog/why-browser-consent-and-source-blending-make-marketing-measurement-harder
Building: ├   ├ /blog/how-we-built-a-consented-first-party-analytics-stack
Building: ├   └ [+5 more paths]
Building: ├ ƒ /dashboard                                                                         23.4 kB         165 kB
Building: ├ ○ /dashboard-access                                                                    464 B         138 kB
Building: ├ ƒ /dashboard-access-denied                                                             164 B         101 kB
Building: ├ ƒ /dashboard/editor/[id]                                                              503 kB         658 kB
Building: ├ ○ /glossary                                                                            189 B         105 kB
Building: ├ ƒ /glossary/[slug]                                                                     189 B         105 kB
Building: ├ ○ /playbooks                                                                           189 B         105 kB
Building: ├ ○ /privacy                                                                           1.44 kB         115 kB
Building: ├ ƒ /projects                                                                            177 B         110 kB
Building: ├ ƒ /projects/hackathon-voting-analytics                                               43.1 kB         474 kB
Building: ├ ƒ /projects/hackathon-voting-analytics/google-analytics                              5.24 kB         145 kB
Building: ├ ƒ /projects/site-analytics                                                           7.62 kB         412 kB
Building: ├ ○ /proof                                                                               189 B         105 kB
Building: ├ ○ /sitemap.xml                                                                         164 B         101 kB
Building: └ ƒ /uploads/content-ops/[assetId]/[filename]                                            164 B         101 kB
Building: + First Load JS shared by all                                                           101 kB
Building: ├ chunks/1660-d283deb72c82a7d0.js                                                    44.4 kB
Building: ├ chunks/c01aa45a-fff4937173c9ec3a.js                                                54.1 kB
Building: └ other shared chunks (total)                                                         2.7 kB
Building: ƒ Middleware                                                                           85.5 kB
Building: ○  (Static)   prerendered as static content
Building: ●  (SSG)      prerendered as static HTML (uses generateStaticParams)
Building: ƒ  (Dynamic)  server-rendered on demand
Building: Traced Next.js server files in: 94.14ms
Building: Created all serverless functions in: 869.805ms
Building: Collected static files (public/, static/, .next/static): 16.281ms
Building: Build Completed in /vercel/output [3m]
Building: Deploying outputs...
Building: Deployment completed
Building: Creating build cache...
[2K[1A[2K[GProduction: https://rajeevg-43566ue04-rajeevgills-projects.vercel.app [3m]
Completing...
Aliased: https://rajeevg.com [3m]

Common next commands:
- `vercel inspect rajeevg-43566ue04-rajeevgills-projects.vercel.app --logs`
- `vercel redeploy rajeevg-43566ue04-rajeevgills-projects.vercel.app`
